<?xml version="1.0" encoding="UTF-8"?>
<testng-results ignored="0" total="5" passed="5" failed="0" skipped="0">
  <reporter-output>
  </reporter-output>
  <suite started-at="2021-06-13T20:44:34 IST" name="Suite" finished-at="2021-06-13T20:46:11 IST" duration-ms="96526">
    <groups>
    </groups>
    <test started-at="2021-06-13T20:44:34 IST" name="Test" finished-at="2021-06-13T20:46:11 IST" duration-ms="96526">
      <class name="com.myTestPages.LoginGmailTest">
        <test-method is-config="true" signature="setup()[pri:0, instance:com.myTestPages.LoginGmailTest@24569dba]" started-at="2021-06-13T20:44:57 IST" name="setup" finished-at="2021-06-13T20:45:20 IST" duration-ms="23563" status="PASS">
          <reporter-output>
          </reporter-output>
        </test-method> <!-- setup -->
        <test-method signature="Validlogin()[pri:1, instance:com.myTestPages.LoginGmailTest@24569dba]" started-at="2021-06-13T20:45:20 IST" name="Validlogin" description="Valid Login and Password" finished-at="2021-06-13T20:45:25 IST" duration-ms="4957" status="PASS">
          <reporter-output>
          </reporter-output>
        </test-method> <!-- Validlogin -->
        <test-method is-config="true" signature="teardown()[pri:0, instance:com.myTestPages.LoginGmailTest@24569dba]" started-at="2021-06-13T20:45:25 IST" name="teardown" finished-at="2021-06-13T20:45:28 IST" duration-ms="2662" status="PASS">
          <reporter-output>
          </reporter-output>
        </test-method> <!-- teardown -->
        <test-method is-config="true" signature="setup()[pri:0, instance:com.myTestPages.LoginGmailTest@24569dba]" started-at="2021-06-13T20:45:28 IST" name="setup" finished-at="2021-06-13T20:45:41 IST" duration-ms="12868" status="PASS">
          <reporter-output>
          </reporter-output>
        </test-method> <!-- setup -->
        <test-method signature="UserProfilecheck()[pri:2, instance:com.myTestPages.LoginGmailTest@24569dba]" started-at="2021-06-13T20:45:41 IST" name="UserProfilecheck" finished-at="2021-06-13T20:45:45 IST" duration-ms="4430" status="PASS">
          <reporter-output>
          </reporter-output>
        </test-method> <!-- UserProfilecheck -->
        <test-method is-config="true" signature="teardown()[pri:0, instance:com.myTestPages.LoginGmailTest@24569dba]" started-at="2021-06-13T20:45:45 IST" name="teardown" finished-at="2021-06-13T20:45:47 IST" duration-ms="2193" status="PASS">
          <reporter-output>
          </reporter-output>
        </test-method> <!-- teardown -->
        <test-method is-config="true" signature="setup()[pri:0, instance:com.myTestPages.LoginGmailTest@24569dba]" started-at="2021-06-13T20:45:47 IST" name="setup" finished-at="2021-06-13T20:45:59 IST" duration-ms="11362" status="PASS">
          <reporter-output>
          </reporter-output>
        </test-method> <!-- setup -->
        <test-method signature="InValidlogin()[pri:3, instance:com.myTestPages.LoginGmailTest@24569dba]" started-at="2021-06-13T20:45:59 IST" name="InValidlogin" description="Valid and invalid Password" finished-at="2021-06-13T20:46:06 IST" duration-ms="7318" status="PASS">
          <reporter-output>
          </reporter-output>
        </test-method> <!-- InValidlogin -->
        <test-method is-config="true" signature="teardown()[pri:0, instance:com.myTestPages.LoginGmailTest@24569dba]" started-at="2021-06-13T20:46:06 IST" name="teardown" finished-at="2021-06-13T20:46:08 IST" duration-ms="2362" status="PASS">
          <reporter-output>
          </reporter-output>
        </test-method> <!-- teardown -->
      </class> <!-- com.myTestPages.LoginGmailTest -->
      <class name="com.myTestPages.EbayTestpage">
        <test-method is-config="true" signature="setup()[pri:0, instance:com.myTestPages.EbayTestpage@7c137fd5]" started-at="2021-06-13T20:44:34 IST" name="setup" finished-at="2021-06-13T20:44:48 IST" duration-ms="14188" status="PASS">
          <reporter-output>
          </reporter-output>
        </test-method> <!-- setup -->
        <test-method signature="EbaySearchItem()[pri:1, instance:com.myTestPages.EbayTestpage@7c137fd5]" started-at="2021-06-13T20:44:48 IST" name="EbaySearchItem" finished-at="2021-06-13T20:44:56 IST" duration-ms="7523" status="PASS">
          <reporter-output>
          </reporter-output>
        </test-method> <!-- EbaySearchItem -->
        <test-method signature="EbayvalidatePrice()[pri:2, instance:com.myTestPages.EbayTestpage@7c137fd5]" started-at="2021-06-13T20:44:56 IST" name="EbayvalidatePrice" finished-at="2021-06-13T20:44:57 IST" duration-ms="792" status="PASS">
          <reporter-output>
          </reporter-output>
        </test-method> <!-- EbayvalidatePrice -->
        <test-method is-config="true" signature="teardown()[pri:0, instance:com.myTestPages.EbayTestpage@7c137fd5]" started-at="2021-06-13T20:46:08 IST" name="teardown" finished-at="2021-06-13T20:46:11 IST" duration-ms="2154" status="PASS">
          <reporter-output>
          </reporter-output>
        </test-method> <!-- teardown -->
      </class> <!-- com.myTestPages.EbayTestpage -->
    </test> <!-- Test -->
  </suite> <!-- Suite -->
</testng-results>
