<?xml version="1.0" encoding="UTF-8"?>
<testng-results ignored="0" total="5" passed="5" failed="0" skipped="0">
  <reporter-output>
  </reporter-output>
  <suite started-at="2021-06-13T15:41:34 IST" name="Suite" finished-at="2021-06-13T15:43:46 IST" duration-ms="132173">
    <groups>
    </groups>
    <test started-at="2021-06-13T15:41:34 IST" name="Test" finished-at="2021-06-13T15:43:46 IST" duration-ms="132173">
      <class name="com.myTestPages.LoginGmailTest">
        <test-method is-config="true" signature="setup()[pri:0, instance:com.myTestPages.LoginGmailTest@8462f31]" started-at="2021-06-13T15:42:08 IST" name="setup" finished-at="2021-06-13T15:42:46 IST" duration-ms="37838" status="PASS">
          <reporter-output>
          </reporter-output>
        </test-method> <!-- setup -->
        <test-method signature="Validlogin()[pri:1, instance:com.myTestPages.LoginGmailTest@8462f31]" started-at="2021-06-13T15:42:46 IST" name="Validlogin" description="Valid Login and Password" finished-at="2021-06-13T15:42:51 IST" duration-ms="4831" status="PASS">
          <reporter-output>
          </reporter-output>
        </test-method> <!-- Validlogin -->
        <test-method is-config="true" signature="teardown()[pri:0, instance:com.myTestPages.LoginGmailTest@8462f31]" started-at="2021-06-13T15:42:51 IST" name="teardown" finished-at="2021-06-13T15:42:54 IST" duration-ms="2783" status="PASS">
          <reporter-output>
          </reporter-output>
        </test-method> <!-- teardown -->
        <test-method is-config="true" signature="setup()[pri:0, instance:com.myTestPages.LoginGmailTest@8462f31]" started-at="2021-06-13T15:42:54 IST" name="setup" finished-at="2021-06-13T15:43:08 IST" duration-ms="14013" status="PASS">
          <reporter-output>
          </reporter-output>
        </test-method> <!-- setup -->
        <test-method signature="UserProfilecheck()[pri:2, instance:com.myTestPages.LoginGmailTest@8462f31]" started-at="2021-06-13T15:43:08 IST" name="UserProfilecheck" finished-at="2021-06-13T15:43:12 IST" duration-ms="4398" status="PASS">
          <reporter-output>
          </reporter-output>
        </test-method> <!-- UserProfilecheck -->
        <test-method is-config="true" signature="teardown()[pri:0, instance:com.myTestPages.LoginGmailTest@8462f31]" started-at="2021-06-13T15:43:12 IST" name="teardown" finished-at="2021-06-13T15:43:15 IST" duration-ms="2795" status="PASS">
          <reporter-output>
          </reporter-output>
        </test-method> <!-- teardown -->
        <test-method is-config="true" signature="setup()[pri:0, instance:com.myTestPages.LoginGmailTest@8462f31]" started-at="2021-06-13T15:43:15 IST" name="setup" finished-at="2021-06-13T15:43:36 IST" duration-ms="20953" status="PASS">
          <reporter-output>
          </reporter-output>
        </test-method> <!-- setup -->
        <test-method signature="InValidlogin()[pri:3, instance:com.myTestPages.LoginGmailTest@8462f31]" started-at="2021-06-13T15:43:36 IST" name="InValidlogin" description="Valid and invalid Password" finished-at="2021-06-13T15:43:42 IST" duration-ms="5858" status="PASS">
          <reporter-output>
          </reporter-output>
        </test-method> <!-- InValidlogin -->
        <test-method is-config="true" signature="teardown()[pri:0, instance:com.myTestPages.LoginGmailTest@8462f31]" started-at="2021-06-13T15:43:42 IST" name="teardown" finished-at="2021-06-13T15:43:44 IST" duration-ms="2556" status="PASS">
          <reporter-output>
          </reporter-output>
        </test-method> <!-- teardown -->
      </class> <!-- com.myTestPages.LoginGmailTest -->
      <class name="com.myTestPages.EbayTestpage">
        <test-method is-config="true" signature="setup()[pri:0, instance:com.myTestPages.EbayTestpage@231f98ef]" started-at="2021-06-13T15:41:34 IST" name="setup" finished-at="2021-06-13T15:41:59 IST" duration-ms="25242" status="PASS">
          <reporter-output>
          </reporter-output>
        </test-method> <!-- setup -->
        <test-method signature="EbaySearchItem()[pri:1, instance:com.myTestPages.EbayTestpage@231f98ef]" started-at="2021-06-13T15:41:59 IST" name="EbaySearchItem" finished-at="2021-06-13T15:42:07 IST" duration-ms="7747" status="PASS">
          <reporter-output>
          </reporter-output>
        </test-method> <!-- EbaySearchItem -->
        <test-method signature="EbayvalidatePrice()[pri:2, instance:com.myTestPages.EbayTestpage@231f98ef]" started-at="2021-06-13T15:42:07 IST" name="EbayvalidatePrice" finished-at="2021-06-13T15:42:08 IST" duration-ms="1138" status="PASS">
          <reporter-output>
          </reporter-output>
        </test-method> <!-- EbayvalidatePrice -->
        <test-method is-config="true" signature="teardown()[pri:0, instance:com.myTestPages.EbayTestpage@231f98ef]" started-at="2021-06-13T15:43:44 IST" name="teardown" finished-at="2021-06-13T15:43:46 IST" duration-ms="1895" status="PASS">
          <reporter-output>
          </reporter-output>
        </test-method> <!-- teardown -->
      </class> <!-- com.myTestPages.EbayTestpage -->
    </test> <!-- Test -->
  </suite> <!-- Suite -->
</testng-results>
