<?xml version="1.0" encoding="UTF-8"?>
<!-- Generated by org.testng.reporters.JUnitXMLReporter -->
<testsuite ignored="0" hostname="Lenovo" failures="0" tests="5" name="Test" time="132.173" errors="0" timestamp="2021-06-13T15:43:46 IST">
  <testcase classname="com.myTestPages.EbayTestpage" name="EbaySearchItem" time="7.747"/>
  <testcase classname="com.myTestPages.EbayTestpage" name="EbayvalidatePrice" time="1.138"/>
  <testcase classname="com.myTestPages.LoginGmailTest" name="Validlogin" time="4.831"/>
  <testcase classname="com.myTestPages.LoginGmailTest" name="UserProfilecheck" time="4.398"/>
  <testcase classname="com.myTestPages.LoginGmailTest" name="InValidlogin" time="5.858"/>
</testsuite> <!-- Test -->
