<?xml version="1.0" encoding="UTF-8"?>
<!-- Generated by org.testng.reporters.JUnitXMLReporter -->
<testsuite ignored="0" hostname="Lenovo" failures="0" tests="5" name="Test" time="96.526" errors="0" timestamp="2021-06-13T20:46:11 IST">
  <testcase classname="com.myTestPages.EbayTestpage" name="EbaySearchItem" time="7.523"/>
  <testcase classname="com.myTestPages.EbayTestpage" name="EbayvalidatePrice" time="0.792"/>
  <testcase classname="com.myTestPages.LoginGmailTest" name="Validlogin" time="4.957"/>
  <testcase classname="com.myTestPages.LoginGmailTest" name="UserProfilecheck" time="4.43"/>
  <testcase classname="com.myTestPages.LoginGmailTest" name="InValidlogin" time="7.318"/>
</testsuite> <!-- Test -->
