<?xml version="1.0" encoding="UTF-8"?>
<!-- Generated by org.testng.reporters.JUnitXMLReporter -->
<testsuite ignored="0" hostname="Lenovo" failures="0" tests="3" name="Default test" time="93.208" errors="0" timestamp="2021-06-13T15:31:43 IST">
  <testcase classname="com.myTestPages.LoginGmailTest" name="Validlogin" time="6.309"/>
  <testcase classname="com.myTestPages.LoginGmailTest" name="UserProfilecheck" time="0.005"/>
  <testcase classname="com.myTestPages.LoginGmailTest" name="InValidlogin" time="6.612"/>
</testsuite> <!-- Default test -->
